<?xml version="1.0" encoding="UTF-8"?>
<testsuite name="com.iherefor.readerapp.SharedRulesTest" tests="9" skipped="0" failures="0" errors="0" timestamp="2026-09-17T14:02:55.759Z" hostname="niukoudeMacBook-Pro-2.local" time="0.002">
  <properties/>
  <testcase name="shouldClassifyPdfAsPageLocator" classname="com.iherefor.readerapp.SharedRulesTest" time="0.0"/>
  <testcase name="shouldClampProgressToStartOnOutOfRangeChapter" classname="com.iherefor.readerapp.SharedRulesTest" time="0.0"/>
  <testcase name="shouldKeepValidProgressIntact" classname="com.iherefor.readerapp.SharedRulesTest" time="0.0"/>
  <testcase name="shouldDedupeBySourceUri" classname="com.iherefor.readerapp.SharedRulesTest" time="0.001"/>
  <testcase name="shouldRecognizeSupportedFormat" classname="com.iherefor.readerapp.SharedRulesTest" time="0.0"/>
  <testcase name="shouldRejectUnsupportedFormat" classname="com.iherefor.readerapp.SharedRulesTest" time="0.0"/>
  <testcase name="shouldClampProgressToStartOnOutOfRangePage" classname="com.iherefor.readerapp.SharedRulesTest" time="0.0"/>
  <testcase name="shouldClassifyEpubAndTxtAsChapterLocator" classname="com.iherefor.readerapp.SharedRulesTest" time="0.0"/>
  <testcase name="shouldVerifyProgressFormatCompatibility" classname="com.iherefor.readerapp.SharedRulesTest" time="0.0"/>
  <system-out><![CDATA[]]></system-out>
  <system-err><![CDATA[]]></system-err>
</testsuite>
