<?xml version="1.0" encoding="UTF-8"?>
<testsuite name="com.iherefor.readerapp.TxtParserTest" tests="5" skipped="0" failures="0" errors="0" timestamp="2026-09-17T14:02:56.056Z" hostname="niukoudeMacBook-Pro-2.local" time="0.001">
  <properties/>
  <testcase name="shouldSplitTxtIntoChapters" classname="com.iherefor.readerapp.TxtParserTest" time="0.0"/>
  <testcase name="shouldSingleBlockBeOneChapter" classname="com.iherefor.readerapp.TxtParserTest" time="0.0"/>
  <testcase name="shouldRejectEmptyFile" classname="com.iherefor.readerapp.TxtParserTest" time="0.001"/>
  <testcase name="shouldEmptyTextYieldNoChapters" classname="com.iherefor.readerapp.TxtParserTest" time="0.0"/>
  <testcase name="shouldDecodeUtf8" classname="com.iherefor.readerapp.TxtParserTest" time="0.0"/>
  <system-out><![CDATA[]]></system-out>
  <system-err><![CDATA[]]></system-err>
</testsuite>
