<?xml version="1.0" encoding="UTF-8"?>
<testsuite name="com.iherefor.readerapp.LibraryViewModelTest" tests="5" skipped="0" failures="0" errors="0" timestamp="2026-09-17T14:02:56.050Z" hostname="niukoudeMacBook-Pro-2.local" time="0.003">
  <properties/>
  <testcase name="shouldRemoveBookRemovesRecord" classname="com.iherefor.readerapp.LibraryViewModelTest" time="0.002"/>
  <testcase name="shouldRejectUnsupportedFormatAtVmLevel" classname="com.iherefor.readerapp.LibraryViewModelTest" time="0.0"/>
  <testcase name="shouldDedupeBySourceUri" classname="com.iherefor.readerapp.LibraryViewModelTest" time="0.0"/>
  <testcase name="shouldImportAddBook" classname="com.iherefor.readerapp.LibraryViewModelTest" time="0.0"/>
  <testcase name="shouldSaveIncompatibleProgressIsIgnored" classname="com.iherefor.readerapp.LibraryViewModelTest" time="0.001"/>
  <system-out><![CDATA[]]></system-out>
  <system-err><![CDATA[]]></system-err>
</testsuite>
