<?xml version="1.0" encoding="UTF-8"?>
<testsuite name="com.iherefor.readerapp.BookReaderServiceTest" tests="3" skipped="0" failures="0" errors="0" timestamp="2026-09-17T14:02:56.010Z" hostname="niukoudeMacBook-Pro-2.local" time="0.038">
  <properties/>
  <testcase name="shouldDispatchTxtToTxtParser" classname="com.iherefor.readerapp.BookReaderServiceTest" time="0.013"/>
  <testcase name="shouldDispatchEpubToEpubParser" classname="com.iherefor.readerapp.BookReaderServiceTest" time="0.024"/>
  <testcase name="shouldThrowForPdf" classname="com.iherefor.readerapp.BookReaderServiceTest" time="0.001"/>
  <system-out><![CDATA[]]></system-out>
  <system-err><![CDATA[]]></system-err>
</testsuite>
